<?xml version="1.0" encoding="UTF-8"?>
<!-- Generated by org.testng.reporters.JUnitXMLReporter -->
<testsuite ignored="4" hostname="LIN24009340" failures="0" tests="1" name="Default test" time="26.705" errors="0" timestamp="2024-08-13T09:38:08 IST">
  <testcase classname="TestNG_TC.Pay_Enroll" name="TestCase5" time="20.621"/>
  <testcase classname="TestNG_TC.Pay_Enroll" name="testPaymentAndCourseEnrollmentFunctionality" time="0.0">
    <ignored/>
  </testcase> <!-- testPaymentAndCourseEnrollmentFunctionality -->
  <testcase classname="TestNG_TC.Pay_Enroll" name="testEnrollCourseWithInvalidCardNumber" time="0.0">
    <ignored/>
  </testcase> <!-- testEnrollCourseWithInvalidCardNumber -->
  <testcase classname="TestNG_TC.Pay_Enroll" name="testEnrollCourseWithInvalidCVV" time="0.0">
    <ignored/>
  </testcase> <!-- testEnrollCourseWithInvalidCVV -->
  <testcase classname="TestNG_TC.Pay_Enroll" name="testEnrollCourseWithInvalidExpirationDate" time="0.0">
    <ignored/>
  </testcase> <!-- testEnrollCourseWithInvalidExpirationDate -->
</testsuite> <!-- Default test -->
