<?xml version="1.0" encoding="UTF-8"?>
<!-- Generated by org.testng.reporters.JUnitXMLReporter -->
<testsuite ignored="0" hostname="LIN24009340" failures="0" tests="5" name="Test" time="278.872" errors="0" timestamp="2022-03-14T15:22:48 IST">
  <testcase classname="TestNG_TC.Pay_Enroll" name="TestCase1" time="35.661"/>
  <testcase classname="TestNG_TC.Pay_Enroll" name="TestCase2" time="50.818"/>
  <testcase classname="TestNG_TC.Pay_Enroll" name="TestCase3" time="38.804"/>
  <testcase classname="TestNG_TC.Pay_Enroll" name="TestCase4" time="88.928"/>
  <testcase classname="TestNG_TC.Pay_Enroll" name="TestCase5" time="35.551"/>
</testsuite> <!-- Test -->
