<?xml version="1.0" encoding="UTF-8"?>
<!-- Generated by org.testng.reporters.JUnitXMLReporter -->
<testsuite ignored="0" hostname="LIN24009340" failures="0" tests="5" name="Test" time="288.053" errors="0" timestamp="2022-03-14T17:17:34 IST">
  <testcase classname="TestNG_TC.Pay_Enroll" name="TestCase1" time="45.067"/>
  <testcase classname="TestNG_TC.Pay_Enroll" name="TestCase2" time="54.206"/>
  <testcase classname="TestNG_TC.Pay_Enroll" name="TestCase3" time="36.574"/>
  <testcase classname="TestNG_TC.Pay_Enroll" name="TestCase4" time="53.902"/>
  <testcase classname="TestNG_TC.Pay_Enroll" name="TestCase5" time="47.024"/>
</testsuite> <!-- Test -->
