<?xml version="1.0" encoding="UTF-8"?>
<testng-results ignored="0" total="1" passed="1" failed="0" skipped="0">
  <reporter-output>
  </reporter-output>
  <suite started-at="2022-03-14T10:14:32 IST" name="Suite" finished-at="2022-03-14T10:15:52 IST" duration-ms="79236">
    <groups>
    </groups>
    <test started-at="2022-03-14T10:14:32 IST" name="Test" finished-at="2022-03-14T10:15:52 IST" duration-ms="79236">
      <class name="TestNG_TC.Pay_Enroll">
        <test-method is-config="true" signature="setup()[pri:0, instance:TestNG_TC.Pay_Enroll@52b1beb6]" started-at="2022-03-14T10:14:32 IST" name="setup" finished-at="2022-03-14T10:14:43 IST" duration-ms="10664" status="PASS">
          <reporter-output>
          </reporter-output>
        </test-method> <!-- setup -->
        <test-method signature="Enroll_With_ValidCard_And_InvalidCVV()[pri:0, instance:TestNG_TC.Pay_Enroll@52b1beb6]" started-at="2022-03-14T10:14:43 IST" name="Enroll_With_ValidCard_And_InvalidCVV" finished-at="2022-03-14T10:15:50 IST" duration-ms="66683" status="PASS">
          <reporter-output>
          </reporter-output>
        </test-method> <!-- Enroll_With_ValidCard_And_InvalidCVV -->
        <test-method is-config="true" signature="tearDown()[pri:0, instance:TestNG_TC.Pay_Enroll@52b1beb6]" started-at="2022-03-14T10:15:50 IST" name="tearDown" finished-at="2022-03-14T10:15:52 IST" duration-ms="1862" status="PASS">
          <reporter-output>
          </reporter-output>
        </test-method> <!-- tearDown -->
      </class> <!-- TestNG_TC.Pay_Enroll -->
    </test> <!-- Test -->
  </suite> <!-- Suite -->
</testng-results>
