<?xml version="1.0" encoding="UTF-8"?>
<testng-results ignored="4" total="5" passed="1" failed="0" skipped="0">
  <reporter-output>
  </reporter-output>
  <suite started-at="2024-08-13T09:37:41 IST" name="Default suite" finished-at="2024-08-13T09:38:08 IST" duration-ms="26705">
    <groups>
    </groups>
    <test started-at="2024-08-13T09:37:41 IST" name="Default test" finished-at="2024-08-13T09:38:08 IST" duration-ms="26705">
      <class name="TestNG_TC.Pay_Enroll">
        <test-method is-config="true" signature="setup()[pri:0, instance:TestNG_TC.Pay_Enroll@74e28667]" started-at="2024-08-13T09:37:41 IST" name="setup" finished-at="2024-08-13T09:37:47 IST" duration-ms="5387" status="PASS">
          <reporter-output>
          </reporter-output>
        </test-method> <!-- setup -->
        <test-method signature="TestCase5()[pri:0, instance:TestNG_TC.Pay_Enroll@74e28667]" started-at="2024-08-13T09:37:47 IST" name="TestCase5" finished-at="2024-08-13T09:38:07 IST" duration-ms="20621" status="PASS">
          <reporter-output>
          </reporter-output>
        </test-method> <!-- TestCase5 -->
        <test-method is-config="true" signature="tearDown()[pri:0, instance:TestNG_TC.Pay_Enroll@74e28667]" started-at="2024-08-13T09:38:07 IST" name="tearDown" finished-at="2024-08-13T09:38:08 IST" duration-ms="656" status="PASS">
          <reporter-output>
          </reporter-output>
        </test-method> <!-- tearDown -->
      </class> <!-- TestNG_TC.Pay_Enroll -->
    </test> <!-- Default test -->
  </suite> <!-- Default suite -->
</testng-results>
